<?xml version="1.0" encoding="utf-8"?><testsuites name="pytest tests"><testsuite name="pytest" errors="0" failures="0" skipped="0" tests="8" time="1.119" timestamp="2026-05-08T19:38:44.775970+00:00" hostname="agent-env-5e2276d9-249e-4eeb-b929-9969ecf89460"><testcase classname="tests.test_metalmind_api.TestRoot" name="test_root_welcome" time="0.293" /><testcase classname="tests.test_metalmind_api.TestLeadsCreate" name="test_create_lead_minimum_fields" time="0.078" /><testcase classname="tests.test_metalmind_api.TestLeadsCreate" name="test_create_lead_all_fields" time="0.067" /><testcase classname="tests.test_metalmind_api.TestLeadsCreate" name="test_create_lead_invalid_email" time="0.072" /><testcase classname="tests.test_metalmind_api.TestLeadsCreate" name="test_create_lead_missing_required" time="0.073" /><testcase classname="tests.test_metalmind_api.TestLeadsCreate" name="test_create_lead_empty_name_rejected" time="0.070" /><testcase classname="tests.test_metalmind_api.TestLeadsList" name="test_create_then_list_persists_and_recent_first" time="0.138" /><testcase classname="tests.test_metalmind_api.TestLeadsList" name="test_list_leads_limit_param" time="0.081" /></testsuite></testsuites>